{
  "RSpec": {
    "coverage": {
      "/Users/Audrey/ada-class/Week14/gnomes/app/controllers/tools_controller.rb": [
        1,
        1,
        1,
        1,
        null,
        1,
        1,
        null,
        null,
        1,
        1,
        null,
        null,
        1,
        null,
        null,
        1,
        5,
        5,
        3,
        null,
        2,
        null,
        null,
        null,
        1,
        null,
        null,
        1,
        1,
        1,
        null,
        0,
        null,
        null,
        null,
        1,
        2,
        2,
        null,
        null,
        1,
        2,
        2,
        4,
        2,
        null,
        null,
        null,
        1,
        2,
        2,
        4,
        2,
        null,
        null,
        null,
        null,
        1,
        null,
        1,
        6,
        null,
        null,
        1,
        20,
        null,
        null,
        1,
        13,
        null,
        null
      ],
      "/Users/Audrey/ada-class/Week14/gnomes/app/controllers/application_controller.rb": [
        1,
        1,
        null,
        1,
        1,
        null,
        1,
        31,
        31,
        null,
        0,
        null,
        null,
        1,
        89,
        null,
        0,
        0,
        null,
        1,
        null,
        1,
        21,
        null,
        null
      ],
      "/Users/Audrey/ada-class/Week14/gnomes/app/models/tool.rb": [
        1,
        1,
        1,
        null
      ]
    },
    "timestamp": 1392580472
  }
}
